<?xml version="1.0" encoding="UTF-8"?>
<!-- Generated by org.testng.reporters.JUnitXMLReporter -->
<testsuite ignored="0" hostname="DESKTOP-J61EO0Q" failures="2" tests="9" name="Command line test" time="237.44" errors="0" timestamp="2023-08-10T13:47:01 EEST">
  <testcase classname="testcases.AssertsTest" name="hardAssertsMainPage" time="18.55">
    <failure type="java.lang.AssertionError" message="expected [Sign Out] but found [Sign Up]">
      <![CDATA[java.lang.AssertionError: expected [Sign Out] but found [Sign Up]
at testcases.AssertsTest.hardAssertsMainPage(AssertsTest.java:46)
at java.base/java.util.ArrayList.forEach(ArrayList.java:1511)
... Removed 39 stack frames]]>
    </failure>
  </testcase> <!-- hardAssertsMainPage -->
  <testcase classname="testcases.AssertsTest" name="softAssertsMainAndSignInPages" time="31.658">
    <failure type="java.lang.AssertionError" message="The following asserts failed:
	expected [Sign Out] but found [Sign Up],
	expected [false] but found [true],
	expected [false] but found [true]">
      <![CDATA[java.lang.AssertionError: The following asserts failed:
expected [Sign Out] but found [Sign Up],
expected [false] but found [true],
expected [false] but found [true]
at testcases.AssertsTest.softAssertsMainAndSignInPages(AssertsTest.java:81)
at java.base/java.util.ArrayList.forEach(ArrayList.java:1511)
... Removed 35 stack frames]]>
    </failure>
  </testcase> <!-- softAssertsMainAndSignInPages -->
  <testcase classname="testcases.FirstTest" name="EnterUserDataSubmit" time="25.632"/>
  <testcase classname="testcases.FirstTest" name="IncorrectEmailError" time="28.016"/>
  <testcase classname="testcases.FirstTest" name="OpenSignInPage" time="25.087"/>
  <testcase classname="testcases.FirstTest" name="OpenWebsite" time="24.025"/>
  <testcase classname="testcases.FirstTest" name="ValidateFieldsAndButtonDisplaying" time="24.886"/>
  <testcase classname="testcases.FirstTest" name="test" time="20.475"/>
  <testcase classname="testcases.JavaAndSeleniumPracticeTest" name="ValidateJobList" time="23.505"/>
</testsuite> <!-- Command line test -->
