<?xml version="1.0" encoding="UTF-8"?>
<!-- Generated by org.testng.reporters.JUnitXMLReporter -->
<testsuite ignored="0" hostname="DESKTOP-J61EO0Q" failures="2" tests="9" name="Homework" time="37.593" errors="0" timestamp="2023-08-11T17:25:20 EEST">
  <testcase classname="testcases.AssertsTest" name="hardAssertsMainPage" time="4.696">
    <failure type="java.lang.AssertionError" message="expected [Sign Out] but found [Sign Up]">
      <![CDATA[java.lang.AssertionError: expected [Sign Out] but found [Sign Up]
at testcases.AssertsTest.hardAssertsMainPage(AssertsTest.java:46)
at java.base/java.util.concurrent.ThreadPoolExecutor.runWorker(ThreadPoolExecutor.java:1144)
at java.base/java.util.concurrent.ThreadPoolExecutor$Worker.run(ThreadPoolExecutor.java:642)
at java.base/java.lang.Thread.run(Thread.java:1623)
... Removed 16 stack frames]]>
    </failure>
  </testcase> <!-- hardAssertsMainPage -->
  <testcase classname="testcases.JavaAndSeleniumPracticeTest" name="ValidateJobList" time="5.207"/>
  <testcase classname="testcases.FirstTest" name="EnterUserDataSubmit" time="5.448"/>
  <testcase classname="testcases.AssertsTest" name="softAssertsMainAndSignInPages" time="8.14">
    <failure type="java.lang.AssertionError" message="The following asserts failed:
	expected [Sign Out] but found [Sign Up],
	expected [false] but found [true],
	expected [false] but found [true]">
      <![CDATA[java.lang.AssertionError: The following asserts failed:
expected [Sign Out] but found [Sign Up],
expected [false] but found [true],
expected [false] but found [true]
at testcases.AssertsTest.softAssertsMainAndSignInPages(AssertsTest.java:81)
at java.base/java.util.concurrent.ThreadPoolExecutor.runWorker(ThreadPoolExecutor.java:1144)
at java.base/java.util.concurrent.ThreadPoolExecutor$Worker.run(ThreadPoolExecutor.java:642)
at java.base/java.lang.Thread.run(Thread.java:1623)
... Removed 12 stack frames]]>
    </failure>
  </testcase> <!-- softAssertsMainAndSignInPages -->
  <testcase classname="testcases.FirstTest" name="IncorrectEmailError" time="7.98"/>
  <testcase classname="testcases.FirstTest" name="OpenSignInPage" time="2.445"/>
  <testcase classname="testcases.FirstTest" name="OpenWebsite" time="1.98"/>
  <testcase classname="testcases.FirstTest" name="ValidateFieldsAndButtonDisplaying" time="2.702"/>
  <testcase classname="testcases.FirstTest" name="test" time="5.506"/>
</testsuite> <!-- Homework -->
