<!DOCTYPE html PUBLIC "-//W3C//DTD XHTML 1.1//EN" "https://www.w3.org/TR/xhtml11/DTD/xhtml11.dtd">
<html xmlns="https://www.w3.org/1999/xhtml">
<head>
<meta http-equiv="content-type" content="text/html; charset=UTF-8"/>
<title>TestNG Report</title>
<style type="text/css">table {margin-bottom:10px;border-collapse:collapse;empty-cells:show}th,td {border:1px solid #009;padding:.25em .5em}th {vertical-align:bottom}td {vertical-align:top}table a {font-weight:bold}.stripe td {background-color: #E6EBF9}.num {text-align:right}.passedodd td {background-color: #3F3}.passedeven td {background-color: #0A0}.skippedodd td {background-color: #DDD}.skippedeven td {background-color: #CCC}.failedodd td,.attn {background-color: #F33}.failedeven td,.stripe .attn {background-color: #D00}.stacktrace {white-space:pre;font-family:monospace}.totop {font-size:85%;text-align:center;border-bottom:2px solid #000}.invisible {display:none}</style>
</head>
<body>
<table>
<tr><th>Test</th><th># Passed</th><th># Skipped</th><th># Retried</th><th># Failed</th><th>Time (ms)</th><th>Included Groups</th><th>Excluded Groups</th></tr>
<tr><th colspan="8">Suite1</th></tr>
<tr><td><a href="#t0">Homework</a></td><td class="num">7</td><td class="num">0</td><td class="num">0</td><td class="num attn">2</td><td class="num">37,593</td><td></td><td></td></tr>
</table>
<table id='summary'><thead><tr><th>Class</th><th>Method</th><th>Start</th><th>Time (ms)</th></tr></thead><tbody><tr><th colspan="4">Suite1</th></tr></tbody><tbody id="t0"><tr><th colspan="4">Homework &#8212; failed</th></tr><tr class="failedeven"><td rowspan="2">testcases.AssertsTest</td><td><a href="#m0">hardAssertsMainPage</a></td><td rowspan="1">1691763886372</td><td rowspan="1">4696</td></tr><tr class="failedeven"><td><a href="#m1">softAssertsMainAndSignInPages</a></td><td rowspan="1">1691763893287</td><td rowspan="1">8140</td></tr><tr><th colspan="4">Homework &#8212; passed</th></tr><tr class="passedeven"><td rowspan="6">testcases.FirstTest</td><td><a href="#m2">EnterUserDataSubmit</a></td><td rowspan="1">1691763886342</td><td rowspan="1">5448</td></tr><tr class="passedeven"><td><a href="#m3">IncorrectEmailError</a></td><td rowspan="1">1691763893957</td><td rowspan="1">7980</td></tr><tr class="passedeven"><td><a href="#m4">OpenSignInPage</a></td><td rowspan="1">1691763903576</td><td rowspan="1">2445</td></tr><tr class="passedeven"><td><a href="#m5">OpenWebsite</a></td><td rowspan="1">1691763907278</td><td rowspan="1">1980</td></tr><tr class="passedeven"><td><a href="#m6">ValidateFieldsAndButtonDisplaying</a></td><td rowspan="1">1691763910603</td><td rowspan="1">2702</td></tr><tr class="passedeven"><td><a href="#m7">test</a></td><td rowspan="1">1691763914627</td><td rowspan="1">5506</td></tr><tr class="passedodd"><td rowspan="1">testcases.JavaAndSeleniumPracticeTest</td><td><a href="#m8">ValidateJobList</a></td><td rowspan="1">1691763886385</td><td rowspan="1">5207</td></tr></tbody>
</table>
<h2>Homework</h2><h3 id="m0">testcases.AssertsTest#hardAssertsMainPage</h3><table class="result"><tr><th>Exception</th></tr><tr><td><div class="stacktrace">java.lang.AssertionError: expected [Sign Out] but found [Sign Up]
	at testcases.AssertsTest.hardAssertsMainPage(AssertsTest.java:46)
	at java.base/java.util.concurrent.ThreadPoolExecutor.runWorker(ThreadPoolExecutor.java:1144)
	at java.base/java.util.concurrent.ThreadPoolExecutor$Worker.run(ThreadPoolExecutor.java:642)
	at java.base/java.lang.Thread.run(Thread.java:1623)
... Removed 16 stack frames</div></td></tr></table><p class="totop"><a href="#summary">back to summary</a></p>
<h3 id="m1">testcases.AssertsTest#softAssertsMainAndSignInPages</h3><table class="result"><tr><th>Exception</th></tr><tr><td><div class="stacktrace">java.lang.AssertionError: The following asserts failed:
	expected [Sign Out] but found [Sign Up],
	expected [false] but found [true],
	expected [false] but found [true]
	at testcases.AssertsTest.softAssertsMainAndSignInPages(AssertsTest.java:81)
	at java.base/java.util.concurrent.ThreadPoolExecutor.runWorker(ThreadPoolExecutor.java:1144)
	at java.base/java.util.concurrent.ThreadPoolExecutor$Worker.run(ThreadPoolExecutor.java:642)
	at java.base/java.lang.Thread.run(Thread.java:1623)
... Removed 12 stack frames</div></td></tr></table><p class="totop"><a href="#summary">back to summary</a></p>
<h3 id="m2">testcases.FirstTest#EnterUserDataSubmit</h3><table class="result"><tr><th class="invisible"/></tr></table><p class="totop"><a href="#summary">back to summary</a></p>
<h3 id="m3">testcases.FirstTest#IncorrectEmailError</h3><table class="result"><tr><th class="invisible"/></tr></table><p class="totop"><a href="#summary">back to summary</a></p>
<h3 id="m4">testcases.FirstTest#OpenSignInPage</h3><table class="result"><tr><th class="invisible"/></tr></table><p class="totop"><a href="#summary">back to summary</a></p>
<h3 id="m5">testcases.FirstTest#OpenWebsite</h3><table class="result"><tr><th class="invisible"/></tr></table><p class="totop"><a href="#summary">back to summary</a></p>
<h3 id="m6">testcases.FirstTest#ValidateFieldsAndButtonDisplaying</h3><table class="result"><tr><th class="invisible"/></tr></table><p class="totop"><a href="#summary">back to summary</a></p>
<h3 id="m7">testcases.FirstTest#test</h3><table class="result"><tr><th class="invisible"/></tr></table><p class="totop"><a href="#summary">back to summary</a></p>
<h3 id="m8">testcases.JavaAndSeleniumPracticeTest#ValidateJobList</h3><table class="result"><tr><th class="invisible"/></tr></table><p class="totop"><a href="#summary">back to summary</a></p>
</body>
</html>
