<!DOCTYPE html PUBLIC "-//W3C//DTD XHTML 1.1//EN" "https://www.w3.org/TR/xhtml11/DTD/xhtml11.dtd">
<html xmlns="https://www.w3.org/1999/xhtml">
<head>
<meta http-equiv="content-type" content="text/html; charset=UTF-8"/>
<title>TestNG Report</title>
<style type="text/css">table {margin-bottom:10px;border-collapse:collapse;empty-cells:show}th,td {border:1px solid #009;padding:.25em .5em}th {vertical-align:bottom}td {vertical-align:top}table a {font-weight:bold}.stripe td {background-color: #E6EBF9}.num {text-align:right}.passedodd td {background-color: #3F3}.passedeven td {background-color: #0A0}.skippedodd td {background-color: #DDD}.skippedeven td {background-color: #CCC}.failedodd td,.attn {background-color: #F33}.failedeven td,.stripe .attn {background-color: #D00}.stacktrace {white-space:pre;font-family:monospace}.totop {font-size:85%;text-align:center;border-bottom:2px solid #000}.invisible {display:none}</style>
</head>
<body>
<table>
<tr><th>Test</th><th># Passed</th><th># Skipped</th><th># Retried</th><th># Failed</th><th>Time (ms)</th><th>Included Groups</th><th>Excluded Groups</th></tr>
<tr><th colspan="8">Command line suite</th></tr>
<tr><td><a href="#t0">Command line test</a></td><td class="num">7</td><td class="num">0</td><td class="num">0</td><td class="num attn">2</td><td class="num">237,440</td><td></td><td></td></tr>
</table>
<table id='summary'><thead><tr><th>Class</th><th>Method</th><th>Start</th><th>Time (ms)</th></tr></thead><tbody><tr><th colspan="4">Command line suite</th></tr></tbody><tbody id="t0"><tr><th colspan="4">Command line test &#8212; failed</th></tr><tr class="failedeven"><td rowspan="2">testcases.AssertsTest</td><td><a href="#m0">hardAssertsMainPage</a></td><td rowspan="1">1691664187078</td><td rowspan="1">18550</td></tr><tr class="failedeven"><td><a href="#m1">softAssertsMainAndSignInPages</a></td><td rowspan="1">1691664207116</td><td rowspan="1">31658</td></tr><tr><th colspan="4">Command line test &#8212; passed</th></tr><tr class="passedeven"><td rowspan="6">testcases.FirstTest</td><td><a href="#m2">EnterUserDataSubmit</a></td><td rowspan="1">1691664240637</td><td rowspan="1">25632</td></tr><tr class="passedeven"><td><a href="#m3">IncorrectEmailError</a></td><td rowspan="1">1691664267701</td><td rowspan="1">28016</td></tr><tr class="passedeven"><td><a href="#m4">OpenSignInPage</a></td><td rowspan="1">1691664297585</td><td rowspan="1">25087</td></tr><tr class="passedeven"><td><a href="#m5">OpenWebsite</a></td><td rowspan="1">1691664324089</td><td rowspan="1">24025</td></tr><tr class="passedeven"><td><a href="#m6">ValidateFieldsAndButtonDisplaying</a></td><td rowspan="1">1691664349480</td><td rowspan="1">24886</td></tr><tr class="passedeven"><td><a href="#m7">test</a></td><td rowspan="1">1691664375691</td><td rowspan="1">20475</td></tr><tr class="passedodd"><td rowspan="1">testcases.JavaAndSeleniumPracticeTest</td><td><a href="#m8">ValidateJobList</a></td><td rowspan="1">1691664397616</td><td rowspan="1">23505</td></tr></tbody>
</table>
<h2>Command line test</h2><h3 id="m0">testcases.AssertsTest#hardAssertsMainPage</h3><table class="result"><tr><th>Exception</th></tr><tr><td><div class="stacktrace">java.lang.AssertionError: expected [Sign Out] but found [Sign Up]
	at testcases.AssertsTest.hardAssertsMainPage(AssertsTest.java:46)
	at java.base/java.util.ArrayList.forEach(ArrayList.java:1511)
... Removed 39 stack frames</div></td></tr></table><p class="totop"><a href="#summary">back to summary</a></p>
<h3 id="m1">testcases.AssertsTest#softAssertsMainAndSignInPages</h3><table class="result"><tr><th>Exception</th></tr><tr><td><div class="stacktrace">java.lang.AssertionError: The following asserts failed:
	expected [Sign Out] but found [Sign Up],
	expected [false] but found [true],
	expected [false] but found [true]
	at testcases.AssertsTest.softAssertsMainAndSignInPages(AssertsTest.java:81)
	at java.base/java.util.ArrayList.forEach(ArrayList.java:1511)
... Removed 35 stack frames</div></td></tr></table><p class="totop"><a href="#summary">back to summary</a></p>
<h3 id="m2">testcases.FirstTest#EnterUserDataSubmit</h3><table class="result"><tr><th class="invisible"/></tr></table><p class="totop"><a href="#summary">back to summary</a></p>
<h3 id="m3">testcases.FirstTest#IncorrectEmailError</h3><table class="result"><tr><th class="invisible"/></tr></table><p class="totop"><a href="#summary">back to summary</a></p>
<h3 id="m4">testcases.FirstTest#OpenSignInPage</h3><table class="result"><tr><th class="invisible"/></tr></table><p class="totop"><a href="#summary">back to summary</a></p>
<h3 id="m5">testcases.FirstTest#OpenWebsite</h3><table class="result"><tr><th class="invisible"/></tr></table><p class="totop"><a href="#summary">back to summary</a></p>
<h3 id="m6">testcases.FirstTest#ValidateFieldsAndButtonDisplaying</h3><table class="result"><tr><th class="invisible"/></tr></table><p class="totop"><a href="#summary">back to summary</a></p>
<h3 id="m7">testcases.FirstTest#test</h3><table class="result"><tr><th class="invisible"/></tr></table><p class="totop"><a href="#summary">back to summary</a></p>
<h3 id="m8">testcases.JavaAndSeleniumPracticeTest#ValidateJobList</h3><table class="result"><tr><th class="invisible"/></tr></table><p class="totop"><a href="#summary">back to summary</a></p>
</body>
</html>
